/global/u2/g/geshi/loss-landscapes-segmentation
nid002752
Thu 26 Oct 2023 07:27:59 PM PDT
starting job...
Processing batchsize: 32, seed: 234
python -u /global/u2/g/geshi/loss-landscapes-segmentation/seg_examples/train_Oxford_crfseg.py -d /global/cfs/cdirs/m636/geshi/data/ -e /global/cfs/cdirs/m636/geshi/exp/Oxford/batch_size/CrossEntropy/crf/seed_234 -n 0_bs_32 -a unet-crf -l ce -s 234 -p 0.1 -g 0 -f 20 -ne 20 -lr 0.001 -bs 32 -ad 5 -aw 32 -ip 224 -t --benchmark --verbose


Processing batchsize: 16, seed: 234
python -u /global/u2/g/geshi/loss-landscapes-segmentation/seg_examples/train_Oxford_crfseg.py -d /global/cfs/cdirs/m636/geshi/data/ -e /global/cfs/cdirs/m636/geshi/exp/Oxford/batch_size/CrossEntropy/crf/seed_234 -n 0_bs_16 -a unet-crf -l ce -s 234 -p 0.1 -g 0 -f 20 -ne 20 -lr 0.001 -bs 16 -ad 5 -aw 32 -ip 224 -t --benchmark --verbose


Processing batchsize: 8, seed: 234
python -u /global/u2/g/geshi/loss-landscapes-segmentation/seg_examples/train_Oxford_crfseg.py -d /global/cfs/cdirs/m636/geshi/data/ -e /global/cfs/cdirs/m636/geshi/exp/Oxford/batch_size/CrossEntropy/crf/seed_234 -n 0_bs_8 -a unet-crf -l ce -s 234 -p 0.1 -g 0 -f 20 -ne 20 -lr 0.001 -bs 8 -ad 5 -aw 32 -ip 224 -t --benchmark --verbose


Processing batchsize: 4, seed: 234
python -u /global/u2/g/geshi/loss-landscapes-segmentation/seg_examples/train_Oxford_crfseg.py -d /global/cfs/cdirs/m636/geshi/data/ -e /global/cfs/cdirs/m636/geshi/exp/Oxford/batch_size/CrossEntropy/crf/seed_234 -n 0_bs_4 -a unet-crf -l ce -s 234 -p 0.1 -g 0 -f 20 -ne 20 -lr 0.001 -bs 4 -ad 5 -aw 32 -ip 224 -t --benchmark --verbose


Processing batchsize: 1 , seed: 234
python -u /global/u2/g/geshi/loss-landscapes-segmentation/seg_examples/train_Oxford_crfseg.py -d /global/cfs/cdirs/m636/geshi/data/ -e /global/cfs/cdirs/m636/geshi/exp/Oxford/batch_size/CrossEntropy/crf/seed_234 -n 0_bs_1 -a unet-crf -l ce -s 234 -p 0.1 -g 0 -f 20 -ne 20 -lr 0.001 -bs 1 -ad 5 -aw 32 -ip 224 -t --benchmark --verbose


Using device: cuda:0
created folder :  /global/cfs/cdirs/m636/geshi/exp/Oxford/batch_size/CrossEntropy/crf/seed_234/0_bs_32_seed_234
Using device: cuda:0
created folder :  /global/cfs/cdirs/m636/geshi/exp/Oxford/batch_size/CrossEntropy/crf/seed_234/0_bs_16_seed_234
Using device: cuda:0
created folder :  /global/cfs/cdirs/m636/geshi/exp/Oxford/batch_size/CrossEntropy/crf/seed_234/0_bs_1_seed_234
Using device: cuda:0
created folder :  /global/cfs/cdirs/m636/geshi/exp/Oxford/batch_size/CrossEntropy/crf/seed_234/0_bs_4_seed_234
