/global/u2/g/geshi/loss-landscapes-segmentation
nid002733
Thu 26 Oct 2023 07:27:59 PM PDT
starting job...
Processing arcwidth: 5, seed: 234
python -u /global/u2/g/geshi/loss-landscapes-segmentation/seg_examples/train_Oxford_crfseg.py -d /global/cfs/cdirs/m636/geshi/data/ -e /global/cfs/cdirs/m636/geshi/exp/Oxford/arc_widths/CrossEntropy/crf/seed_234 -n 0_aw_5 -a unet-crf -l ce -s 234 -p 0.1 -g 0 -f 20 -ne 20 -lr 0.001 -bs 32 -ad 5 -aw 5 -ip 224 -t --benchmark --verbose


Processing arcwidth: 4, seed: 234
python -u /global/u2/g/geshi/loss-landscapes-segmentation/seg_examples/train_Oxford_crfseg.py -d /global/cfs/cdirs/m636/geshi/data/ -e /global/cfs/cdirs/m636/geshi/exp/Oxford/arc_widths/CrossEntropy/crf/seed_234 -n 0_aw_4 -a unet-crf -l ce -s 234 -p 0.1 -g 0 -f 20 -ne 20 -lr 0.001 -bs 32 -ad 5 -aw 4 -ip 224 -t --benchmark --verbose


Processing arcwidth: 3, seed: 234
python -u /global/u2/g/geshi/loss-landscapes-segmentation/seg_examples/train_Oxford_crfseg.py -d /global/cfs/cdirs/m636/geshi/data/ -e /global/cfs/cdirs/m636/geshi/exp/Oxford/arc_widths/CrossEntropy/crf/seed_234 -n 0_aw_3 -a unet-crf -l ce -s 234 -p 0.1 -g 0 -f 20 -ne 20 -lr 0.001 -bs 32 -ad 5 -aw 3 -ip 224 -t --benchmark --verbose


Processing arcwidth: 2, seed: 234
python -u /global/u2/g/geshi/loss-landscapes-segmentation/seg_examples/train_Oxford_crfseg.py -d /global/cfs/cdirs/m636/geshi/data/ -e /global/cfs/cdirs/m636/geshi/exp/Oxford/arc_widths/CrossEntropy/crf/seed_234 -n 0_aw_2 -a unet-crf -l ce -s 234 -p 0.1 -g 0 -f 20 -ne 20 -lr 0.001 -bs 32 -ad 5 -aw 2 -ip 224 -t --benchmark --verbose


Processing arcwidth: 1 , seed: 234
python -u /global/u2/g/geshi/loss-landscapes-segmentation/seg_examples/train_Oxford_crfseg.py -d /global/cfs/cdirs/m636/geshi/data/ -e /global/cfs/cdirs/m636/geshi/exp/Oxford/arc_widths/CrossEntropy/crf/seed_234 -n 0_aw_1 -a unet-crf -l ce -s 234 -p 0.1 -g 0 -f 20 -ne 20 -lr 0.001 -bs 32 -ad 5 -aw 1 -ip 224 -t --benchmark --verbose


Using device: cuda:0
Using device: cuda:0
created folder :  /global/cfs/cdirs/m636/geshi/exp/Oxford/arc_widths/CrossEntropy/crf/seed_234/0_aw_4_seed_234
created folder :  /global/cfs/cdirs/m636/geshi/exp/Oxford/arc_widths/CrossEntropy/crf/seed_234/0_aw_3_seed_234
Using device: cuda:0
created folder :  /global/cfs/cdirs/m636/geshi/exp/Oxford/arc_widths/CrossEntropy/crf/seed_234/0_aw_5_seed_234
Using device: cuda:0
created folder :  /global/cfs/cdirs/m636/geshi/exp/Oxford/arc_widths/CrossEntropy/crf/seed_234/0_aw_1_seed_234
