/global/u2/g/geshi/loss-landscapes-segmentation
nid003160
Thu 26 Oct 2023 08:58:05 PM PDT
starting job...
Processing percentage: 1.0, seed: 234
python -u /global/u2/g/geshi/loss-landscapes-segmentation/seg_examples/train_Oxford_crfseg.py -d /global/cfs/cdirs/m636/geshi/data/ -e /global/cfs/cdirs/m636/geshi/exp/Oxford/percentage/CrossEntropy/crf/seed_234 -n 0_p_10 -a unet-crf -l ce -s 234 -p 1.0 -g 0 -f 20 -ne 20 -lr 0.001 -bs 32 -ad 5 -aw 32 -ip 224 -t --benchmark --verbose


Processing percentage: 0.3, seed: 234
python -u /global/u2/g/geshi/loss-landscapes-segmentation/seg_examples/train_Oxford_crfseg.py -d /global/cfs/cdirs/m636/geshi/data/ -e /global/cfs/cdirs/m636/geshi/exp/Oxford/percentage/CrossEntropy/crf/seed_234 -n 0_p_03 -a unet-crf -l ce -s 234 -p 0.3 -g 0 -f 20 -ne 20 -lr 0.001 -bs 32 -ad 5 -aw 32 -ip 224 -t --benchmark --verbose


Processing percentage: 0.1, seed: 234
python -u /global/u2/g/geshi/loss-landscapes-segmentation/seg_examples/train_Oxford_crfseg.py -d /global/cfs/cdirs/m636/geshi/data/ -e /global/cfs/cdirs/m636/geshi/exp/Oxford/percentage/CrossEntropy/crf/seed_234 -n 0_p_01 -a unet-crf -l ce -s 234 -p 0.1 -g 0 -f 20 -ne 20 -lr 0.001 -bs 32 -ad 5 -aw 32 -ip 224 -t --benchmark --verbose


Processing percentage: 0.03, seed: 234
python -u /global/u2/g/geshi/loss-landscapes-segmentation/seg_examples/train_Oxford_crfseg.py -d /global/cfs/cdirs/m636/geshi/data/ -e /global/cfs/cdirs/m636/geshi/exp/Oxford/percentage/CrossEntropy/crf/seed_234 -n 0_p_003 -a unet-crf -l ce -s 234 -p 0.03 -g 0 -f 20 -ne 20 -lr 0.001 -bs 32 -ad 5 -aw 32 -ip 224 -t --benchmark --verbose


Processing percentage: 0.01, seed: 234
python -u /global/u2/g/geshi/loss-landscapes-segmentation/seg_examples/train_Oxford_crfseg.py -d /global/cfs/cdirs/m636/geshi/data/ -e /global/cfs/cdirs/m636/geshi/exp/Oxford/percentage/CrossEntropy/crf/seed_234 -n 0_p_001 -a unet-crf -l ce -s 234 -p 0.01 -g 0 -f 20 -ne 20 -lr 0.001 -bs 32 -ad 5 -aw 32 -ip 224 -t --benchmark --verbose


Processing percentage: 0,003, seed: 234
python -u /global/u2/g/geshi/loss-landscapes-segmentation/seg_examples/train_Oxford_crfseg.py -d /global/cfs/cdirs/m636/geshi/data/ -e /global/cfs/cdirs/m636/geshi/exp/Oxford/percentage/CrossEntropy/crf/seed_234 -n 0_p_0,003 -a unet-crf -l ce -s 234 -p 0,003 -g 0 -f 20 -ne 20 -lr 0.001 -bs 32 -ad 5 -aw 32 -ip 224 -t --benchmark --verbose


Processing percentage: 0.001 , seed: 234
python -u /global/u2/g/geshi/loss-landscapes-segmentation/seg_examples/train_Oxford_crfseg.py -d /global/cfs/cdirs/m636/geshi/data/ -e /global/cfs/cdirs/m636/geshi/exp/Oxford/percentage/CrossEntropy/crf/seed_234 -n 0_p_0001 -a unet-crf -l ce -s 234 -p 0.001 -g 0 -f 20 -ne 20 -lr 0.001 -bs 32 -ad 5 -aw 32 -ip 224 -t --benchmark --verbose


Using device: cuda:0
created folder :  /global/cfs/cdirs/m636/geshi/exp/Oxford/percentage/CrossEntropy/crf/seed_234/0_p_0001_seed_234
Using device: cuda:0
created folder :  /global/cfs/cdirs/m636/geshi/exp/Oxford/percentage/CrossEntropy/crf/seed_234/0_p_03_seed_234
Using device: cuda:0
created folder :  /global/cfs/cdirs/m636/geshi/exp/Oxford/percentage/CrossEntropy/crf/seed_234/0_p_01_seed_234
Using device: cuda:0
created folder :  /global/cfs/cdirs/m636/geshi/exp/Oxford/percentage/CrossEntropy/crf/seed_234/0_p_10_seed_234
Using device: cuda:0
created folder :  /global/cfs/cdirs/m636/geshi/exp/Oxford/percentage/CrossEntropy/crf/seed_234/0_p_003_seed_234
Using device: cuda:0
created folder :  /global/cfs/cdirs/m636/geshi/exp/Oxford/percentage/CrossEntropy/crf/seed_234/0_p_001_seed_234
